Started by user [8mha:////4MneG3iBuUZsvpLEro9KD962VmJU+X/1l+14sKXSrMOkAAAAlh+LCAAAAAAAAP9b85aBtbiIQTGjNKU4P08vOT+vOD8nVc83PyU1x6OyILUoJzMv2y+/JJUBAhiZGBgqihhk0NSjKDWzXb3RdlLBUSYGJk8GtpzUvPSSDB8G5tKinBIGIZ+sxLJE/ZzEvHT94JKizLx0a6BxUmjGOUNodHsLgAzeEgYu/dLi1CL9zIzEIgAq5I2JvwAAAA==[0mIhar Berasneu
Running as SYSTEM
Building in workspace C:\Windows\system32\config\systemprofile\AppData\Local\Jenkins.jenkins\workspace\Job I Can Win
No credentials specified
 > C:\Program Files\Git\cmd\git.exe rev-parse --is-inside-work-tree # timeout=10
Fetching changes from the remote Git repository
 > C:\Program Files\Git\cmd\git.exe config remote.origin.url https://github.com/vitalliuss/helloci.git # timeout=10
Fetching upstream changes from https://github.com/vitalliuss/helloci.git
 > C:\Program Files\Git\cmd\git.exe --version # timeout=10
 > git --version # 'git version 2.21.0.windows.1'
 > C:\Program Files\Git\cmd\git.exe fetch --tags --force --progress -- https://github.com/vitalliuss/helloci.git +refs/heads/*:refs/remotes/origin/* # timeout=10
 > C:\Program Files\Git\cmd\git.exe rev-parse "refs/remotes/origin/master^{commit}" # timeout=10
 > C:\Program Files\Git\cmd\git.exe rev-parse "refs/remotes/origin/origin/master^{commit}" # timeout=10
Checking out Revision 446ae5a4fb9798821be65628da0b587e4e1f04e3 (refs/remotes/origin/master)
 > C:\Program Files\Git\cmd\git.exe config core.sparsecheckout # timeout=10
 > C:\Program Files\Git\cmd\git.exe checkout -f 446ae5a4fb9798821be65628da0b587e4e1f04e3 # timeout=10
Commit message: "mention cobertura issue in README"
 > C:\Program Files\Git\cmd\git.exe rev-list --no-walk 446ae5a4fb9798821be65628da0b587e4e1f04e3 # timeout=10
[Job I Can Win] $ cmd.exe /C "C:\apache-maven-3.6.1\bin\mvn.cmd -f Java/pom.xml && exit %%ERRORLEVEL%%"
[INFO] Scanning for projects...
[INFO] ------------------------------------------------------------------------
[INFO] BUILD FAILURE
[INFO] ------------------------------------------------------------------------
[INFO] Total time:  0.252 s
[INFO] Finished at: 2020-08-17T19:32:27+03:00
[INFO] ------------------------------------------------------------------------
[8mha:////4OYK7DG6btqQwEA1F44a/x7j9RqfUaPrdVrZZbXBjU1sAAAAYB+LCAAAAAAAAP9b85aBtbiIQSmjNKU4P0+vJLE4u1gvPjexLDVPzxdEuhYV5Rf55ZekOlc7RKnPKH7IxMBQUcQgBdWQnJ9XnJ+TqucMoUEKGSCAEaSwAACsNFCqYAAAAA==[0m[ERROR] No goals have been specified for this build. You must specify a valid lifecycle phase or a goal in the format <plugin-prefix>:<goal> or <plugin-group-id>:<plugin-artifact-id>[:<plugin-version>]:<goal>. Available lifecycle phases are: validate, initialize, generate-sources, process-sources, generate-resources, process-resources, compile, process-classes, generate-test-sources, process-test-sources, generate-test-resources, process-test-resources, test-compile, process-test-classes, test, prepare-package, package, pre-integration-test, integration-test, post-integration-test, verify, install, deploy, pre-clean, clean, post-clean, pre-site, site, post-site, site-deploy. -> [Help 1]
[8mha:////4OYK7DG6btqQwEA1F44a/x7j9RqfUaPrdVrZZbXBjU1sAAAAYB+LCAAAAAAAAP9b85aBtbiIQSmjNKU4P0+vJLE4u1gvPjexLDVPzxdEuhYV5Rf55ZekOlc7RKnPKH7IxMBQUcQgBdWQnJ9XnJ+TqucMoUEKGSCAEaSwAACsNFCqYAAAAA==[0m[ERROR] 
[8mha:////4OYK7DG6btqQwEA1F44a/x7j9RqfUaPrdVrZZbXBjU1sAAAAYB+LCAAAAAAAAP9b85aBtbiIQSmjNKU4P0+vJLE4u1gvPjexLDVPzxdEuhYV5Rf55ZekOlc7RKnPKH7IxMBQUcQgBdWQnJ9XnJ+TqucMoUEKGSCAEaSwAACsNFCqYAAAAA==[0m[ERROR] To see the full stack trace of the errors, re-run Maven with the -e switch.
[8mha:////4OYK7DG6btqQwEA1F44a/x7j9RqfUaPrdVrZZbXBjU1sAAAAYB+LCAAAAAAAAP9b85aBtbiIQSmjNKU4P0+vJLE4u1gvPjexLDVPzxdEuhYV5Rf55ZekOlc7RKnPKH7IxMBQUcQgBdWQnJ9XnJ+TqucMoUEKGSCAEaSwAACsNFCqYAAAAA==[0m[ERROR] Re-run Maven using the -X switch to enable full debug logging.
[8mha:////4OYK7DG6btqQwEA1F44a/x7j9RqfUaPrdVrZZbXBjU1sAAAAYB+LCAAAAAAAAP9b85aBtbiIQSmjNKU4P0+vJLE4u1gvPjexLDVPzxdEuhYV5Rf55ZekOlc7RKnPKH7IxMBQUcQgBdWQnJ9XnJ+TqucMoUEKGSCAEaSwAACsNFCqYAAAAA==[0m[ERROR] 
[8mha:////4OYK7DG6btqQwEA1F44a/x7j9RqfUaPrdVrZZbXBjU1sAAAAYB+LCAAAAAAAAP9b85aBtbiIQSmjNKU4P0+vJLE4u1gvPjexLDVPzxdEuhYV5Rf55ZekOlc7RKnPKH7IxMBQUcQgBdWQnJ9XnJ+TqucMoUEKGSCAEaSwAACsNFCqYAAAAA==[0m[ERROR] For more information about the errors and possible solutions, please read the following articles:
[8mha:////4OYK7DG6btqQwEA1F44a/x7j9RqfUaPrdVrZZbXBjU1sAAAAYB+LCAAAAAAAAP9b85aBtbiIQSmjNKU4P0+vJLE4u1gvPjexLDVPzxdEuhYV5Rf55ZekOlc7RKnPKH7IxMBQUcQgBdWQnJ9XnJ+TqucMoUEKGSCAEaSwAACsNFCqYAAAAA==[0m[ERROR] [Help 1] http://cwiki.apache.org/confluence/display/MAVEN/NoGoalSpecifiedException
Build step 'Вызвать цели Maven верхнего уровня  ' marked build as failure
Finished: FAILURE
